{"level":"info","message":"Hello simple log!"}
{"service":"api-gateway-service","color":"blue","level":"info","message":"Hello log with metas"}
{"level":"info","message":"Hello simple log!"}
{"service":"api-gateway-service","color":"blue","level":"info","message":"Hello log with metas"}
{"message":"Error in such and such: error","level":"error","service":"api-gateway-service"}
{"level":"info","message":"Hello simple log!"}
{"service":"api-gateway-service","color":"blue","level":"info","message":"Hello log with metas"}
{"message":"Error in such and such: error","level":"error","service":"api-gateway-service"}
{"level":"info","message":"Hello simple log!"}
{"color":"blue","level":"info","message":"Hello log with metas"}
{"message":"Error in such and such: error","level":"error"}
{"level":"info","message":"Hello simple log!"}
{"color":"blue","level":"info","message":"Hello log with metas"}
{"message":"Error in such and such: error","level":"error"}
{"level":"info","message":"Hello simple log!"}
{"color":"blue","level":"info","message":"Hello log with metas"}
{"message":"Error in such and such: error","level":"error"}
{"message":"Logger started","level":"info"}
{"message":"Logger started","level":"info"}
{"message":"Logger started","level":"info"}
{"message":"Logger started","level":"info"}
{"message":"Logger started","level":"info"}
{"message":"Logger started","level":"info"}
{"message":"Logger started","level":"info"}
{"message":"Logger started","level":"info"}
{"message":"Error in oauth2Client.getToken(): Error: getaddrinfo EAI_AGAIN oauth2.googleapis.com:443","level":"error"}
{"message":"Logger started","level":"info"}
{"message":"Error in oauth2Client.getToken(): Error: getaddrinfo EAI_AGAIN oauth2.googleapis.com:443","level":"error"}
{"message":"Error in oauth2Client.getToken(): Error: getaddrinfo EAI_AGAIN oauth2.googleapis.com:443","level":"error"}
{"message":"Logger started","level":"info"}
{"message":"Error in oauth2Client.getToken(): Error: getaddrinfo EAI_AGAIN oauth2.googleapis.com:443","level":"error"}
{"message":"Logger started","level":"info"}
{"message":"Error in oauth2Client.getToken(): Error: getaddrinfo EAI_AGAIN oauth2.googleapis.com:443","level":"error"}
{"message":"Logger started","level":"info"}
{"message":"\u001b[32mThis is an info test\u001b[39m","level":"info"}
{"message":"\u001b[32mThis is an info test\u001b[39m","level":"info"}
{"message":"\u001b[32mThis is an info test\u001b[39m","level":"info"}
{"message":"\u001b[32mThis is an info test\u001b[39m","level":"info"}
{"message":"\u001b[32mThis is an info test\u001b[39m","level":"info"}
{"message":"\u001b[32mThis is an info test\u001b[39m","level":"info"}
{"message":"\u001b[32mThis is an info test\u001b[39m","level":"info"}
{"message":"\u001b[32mThis is an info test\u001b[39m","level":"info"}
{"message":"\u001b[32mThis is an info test\u001b[39m","level":"info"}
{"message":"\u001b[32mThis is an info test\u001b[39m","level":"info"}
{"message":"\u001b[32mThis is an info test\u001b[39m","level":"info"}
{"message":"Logger started","level":"info"}
